app/build/intermediates/manifest_merge_blame_file/debug/manifest-merger-blame-debug-report.txt
1<?xml version="1.0" encoding="utf-8"?>
2<manifest xmlns:android="http://schemas.android.com/apk/res/android"
3    package="com.carreygroup.JARVIS"
4    android:versionCode="1"
5    android:versionName="1.0.1" >
6
7    <uses-sdk
8        android:minSdkVersion="19"
8-->src\main\AndroidManifest.xml
9        android:targetSdkVersion="29" />
9-->src\main\AndroidManifest.xml
10
11    <uses-permission android:name="android.permission.INTERNET" />
11-->src\main\AndroidManifest.xml:24:5-67
11-->src\main\AndroidManifest.xml:24:22-64
12    <uses-permission android:name="android.permission.ACCESS_WIFI_STATE" />
12-->src\main\AndroidManifest.xml:25:5-76
12-->src\main\AndroidManifest.xml:25:22-73
13    <uses-permission android:name="android.permission.CHANGE_WIFI_STATE" />
13-->src\main\AndroidManifest.xml:26:5-76
13-->src\main\AndroidManifest.xml:26:22-73
14    <uses-permission android:name="android.permission.WAKE_LOCK" />
14-->src\main\AndroidManifest.xml:27:5-68
14-->src\main\AndroidManifest.xml:27:22-65
15    <uses-permission android:name="android.permission.ACCESS_NETWORK_STATE" />
15-->src\main\AndroidManifest.xml:28:5-78
15-->src\main\AndroidManifest.xml:28:22-76
16    <uses-permission android:name="android.permission.READ_PHONE_STATE" />
16-->src\main\AndroidManifest.xml:29:2-71
16-->src\main\AndroidManifest.xml:29:19-69
17    <uses-permission android:name="android.permission.READ_LOGS" />
17-->src\main\AndroidManifest.xml:30:2-64
17-->src\main\AndroidManifest.xml:30:19-62
18    <uses-permission android:name="android.permission.CHANGE_WIFI_MULTICAST_STATE" />
18-->src\main\AndroidManifest.xml:31:2-83
18-->src\main\AndroidManifest.xml:31:19-80
19
20    <application
20-->src\main\AndroidManifest.xml:7:5-22:19
21        android:name="com.carreygroup.JARVIS.MyApplication"
21-->src\main\AndroidManifest.xml:7:18-47
22        android:debuggable="true"
23        android:icon="@drawable/icon"
23-->src\main\AndroidManifest.xml:7:48-77
24        android:label="@string/app_name"
24-->src\main\AndroidManifest.xml:7:78-110
25        android:testOnly="true" >
26        <activity
26-->src\main\AndroidManifest.xml:8:9-14:20
27            android:name="com.carreygroup.JARVIS.MainActivity"
27-->src\main\AndroidManifest.xml:8:19-46
28            android:label="@string/app_name" >
28-->src\main\AndroidManifest.xml:9:19-51
29            <intent-filter>
29-->src\main\AndroidManifest.xml:10:13-13:29
30                <action android:name="android.intent.action.MAIN" />
30-->src\main\AndroidManifest.xml:11:17-69
30-->src\main\AndroidManifest.xml:11:25-66
31
32                <category android:name="android.intent.category.LAUNCHER" />
32-->src\main\AndroidManifest.xml:12:17-77
32-->src\main\AndroidManifest.xml:12:27-74
33            </intent-filter>
34        </activity>
35        <activity android:name="com.carreygroup.JARVIS.HomeActivity" />
35-->src\main\AndroidManifest.xml:15:9-58
35-->src\main\AndroidManifest.xml:15:19-46
36        <activity android:name="com.carreygroup.JARVIS.ScenesActivity" />
36-->src\main\AndroidManifest.xml:16:9-60
36-->src\main\AndroidManifest.xml:16:19-48
37        <activity android:name="com.carreygroup.JARVIS.ItemsActivity" />
37-->src\main\AndroidManifest.xml:17:9-59
37-->src\main\AndroidManifest.xml:17:19-47
38        <activity android:name="com.carreygroup.JARVIS.AboutActivity" />
38-->src\main\AndroidManifest.xml:18:9-59
38-->src\main\AndroidManifest.xml:18:19-47
39
40        <!--
41     		<meta-data android:value="55f58d5f67e58e23c1003d12" android:name="UMENG_APPKEY"></meta-data>  
42		<meta-data android:value="开发" android:name="UMENG_CHANNEL"></meta-data>
43        -->
44    </application>
45
46</manifest>